2018-09-13 02:54:20 +0000 [MT] Initial pipeline context: <IDEDistributionProcessingPipelineContext: 0x7fb3436b1d20; archive(resolved)='<IDEArchive: 0x7fb343754330>', distributionTask(resolved)='2', distributionMethod(resolved)='<IDEDistributionMethodDevelopmentSigned: 0x7fb343719a30>', team(resolved)='<IDEProvisioningBasicTeam 0x7fb34342fb80: teamID: PNXEQWA564, teamName: (null)>'>
	Chain (11, self inclusive):
	<IDEDistributionProcessingPipelineContext: 0x7fb3436b1d20; archive = '<IDEArchive: 0x7fb343754330>', distributionMethod='<IDEDistributionMethodDevelopmentSigned: 0x7fb343719a30>', team='<IDEProvisioningBasicTeam 0x7fb34342fb80: teamID: PNXEQWA564, teamName: (null)>'>
	<IDEDistributionProcessingPipelineContext: 0x7fb3436b0130; archive = '<IDEArchive: 0x7fb343754330>', distributionMethod='<IDEDistributionMethodDevelopmentSigned: 0x7fb343719a30>', team='<IDEProvisioningBasicTeam 0x7fb34342fb80: teamID: PNXEQWA564, teamName: (null)>'>
	<IDEDistributionContext: 0x7fb3436afff0; archive = '<IDEArchive: 0x7fb343754330>', distributionMethod='<IDEDistributionMethodDevelopmentSigned: 0x7fb343719a30>', team='<IDEProvisioningBasicTeam 0x7fb34342fb80: teamID: PNXEQWA564, teamName: (null)>'>
	<IDEDistributionContext: 0x7fb343697540; archive = '<IDEArchive: 0x7fb343754330>', distributionMethod='<IDEDistributionMethodDevelopmentSigned: 0x7fb343719a30>', team='<IDEProvisioningBasicTeam 0x7fb34342fb80: teamID: PNXEQWA564, teamName: (null)>'>
	<IDEDistributionContext: 0x7fb343696b00; archive = '<IDEArchive: 0x7fb343754330>', distributionMethod='<IDEDistributionMethodDevelopmentSigned: 0x7fb343719a30>', team='<IDEProvisioningBasicTeam 0x7fb34342fb80: teamID: PNXEQWA564, teamName: (null)>'>
	<IDEDistributionContext: 0x7fb343802ed0; archive = '<IDEArchive: 0x7fb343754330>', distributionMethod='<IDEDistributionMethodDevelopmentSigned: 0x7fb343719a30>', team='<IDEProvisioningBasicTeam 0x7fb34342fb80: teamID: PNXEQWA564, teamName: (null)>'>
	<IDEDistributionContext: 0x7fb343693ce0; archive = '<IDEArchive: 0x7fb343754330>', distributionMethod='<IDEDistributionMethodDevelopmentSigned: 0x7fb343719a30>', team='<IDEProvisioningBasicTeam 0x7fb34342fb80: teamID: PNXEQWA564, teamName: (null)>'>
	<IDEDistributionContext: 0x7fb3436929e0; archive = '<IDEArchive: 0x7fb343754330>', distributionMethod='<IDEDistributionMethodDevelopmentSigned: 0x7fb343719a30>', team='<IDEProvisioningBasicTeam 0x7fb34342fb80: teamID: PNXEQWA564, teamName: (null)>'>
	<IDEDistributionContext: 0x7fb340f9dbb0; archive = '<IDEArchive: 0x7fb343754330>', distributionMethod='<IDEDistributionMethodDevelopmentSigned: 0x7fb343719a30>', team='<IDEProvisioningBasicTeam 0x7fb34342fb80: teamID: PNXEQWA564, teamName: (null)>'>
	<IDEDistributionContext: 0x7fb343759610; archive = '<IDEArchive: 0x7fb343754330>', distributionMethod='<IDEDistributionMethodDevelopmentSigned: 0x7fb343719a30>', team='(null)'>
	<IDEDistributionContext: 0x7fb343754fd0; archive = '<IDEArchive: 0x7fb343754330>', distributionMethod='(null)', team='(null)'>
</IDEDistributionProcessingPipelineContext: 0x7fb3436b1d20>
2018-09-13 02:54:20 +0000 [MT] Processing step: IDEDistributionCreateDestRootStep
2018-09-13 02:54:20 +0000 [MT] Processing step: IDEDistributionCopyItemStep
2018-09-13 02:54:20 +0000 [MT] Running /usr/bin/ditto '-V' '/Users/billwang/Project/helloworld/platforms/ios/HelloCordova.xcarchive/Products/Applications/HelloCordova.app' '/var/folders/2j/lrmvt_bs4d968x66t2pjrpq00000gn/T/XcodeDistPipeline.GID/Root/Payload/HelloCordova.app'
2018-09-13 02:54:20 +0000  >>> Copying /Users/billwang/Project/helloworld/platforms/ios/HelloCordova.xcarchive/Products/Applications/HelloCordova.app 
2018-09-13 02:54:20 +0000  copying file ./_CodeSignature/CodeResources ... 
2018-09-13 02:54:20 +0000  18967 bytes for ./_CodeSignature/CodeResources
2018-09-13 02:54:20 +0000  copying file ./AppIcon29x29.png ... 
3349 bytes for ./AppIcon29x29.png
copying file ./AppIcon29x29@2x.png ... 
2018-09-13 02:54:20 +0000  6585 bytes for ./AppIcon29x29@2x.png
copying file ./AppIcon29x29@2x~ipad.png ... 
6585 bytes for ./AppIcon29x29@2x~ipad.png
copying file ./AppIcon29x29@3x.png ... 
9082 bytes for ./AppIcon29x29@3x.png
copying file ./AppIcon29x29~ipad.png ... 
3349 bytes for ./AppIcon29x29~ipad.png
copying file ./AppIcon40x40@2x.png ... 
8883 bytes for ./AppIcon40x40@2x.png
copying file ./AppIcon40x40@2x~ipad.png ... 
8883 bytes for ./AppIcon40x40@2x~ipad.png
copying file ./AppIcon40x40@3x.png ... 
14152 bytes for ./AppIcon40x40@3x.png
copying file ./AppIcon40x40~ipad.png ... 
4450 bytes for ./AppIcon40x40~ipad.png
copying file ./AppIcon50x50@2x~ipad.png ... 
2018-09-13 02:54:20 +0000  11331 bytes for ./AppIcon50x50@2x~ipad.png
copying file ./AppIcon50x50~ipad.png ... 
5557 bytes for ./AppIcon50x50~ipad.png
copying file ./AppIcon57x57.png ... 
5977 bytes for ./AppIcon57x57.png
copying file ./AppIcon57x57@2x.png ... 
13012 bytes for ./AppIcon57x57@2x.png
copying file ./AppIcon60x60@2x.png ... 
14152 bytes for ./AppIcon60x60@2x.png
copying file ./AppIcon60x60@3x.png ... 
33390 bytes for ./AppIcon60x60@3x.png
copying file ./AppIcon72x72@2x~ipad.png ... 
17926 bytes for ./AppIcon72x72@2x~ipad.png
copying file ./AppIcon72x72~ipad.png ... 
8045 bytes for ./AppIcon72x72~ipad.png
copying file ./AppIcon76x76@2x~ipad.png ... 
16629 bytes for ./AppIcon76x76@2x~ipad.png
copying file ./AppIcon76x76~ipad.png ... 
8463 bytes for ./AppIcon76x76~ipad.png
copying file ./AppIcon83.5x83.5@2x~ipad.png ... 
28234 bytes for ./AppIcon83.5x83.5@2x~ipad.png
copying file ./archived-expanded-entitlements.xcent ... 
181 bytes for ./archived-expanded-entitlements.xcent
copying file ./Assets.car ... 
212216 bytes for ./Assets.car
copying file ./CDVLaunchScreen.storyboardc/01J-lp-oVM-view-Ze5-6b-2t3.nib ... 
2283 bytes for ./CDVLaunchScreen.storyboardc/01J-lp-oVM-view-Ze5-6b-2t3.nib
copying file ./CDVLaunchScreen.storyboardc/Info.plist ... 
258 bytes for ./CDVLaunchScreen.storyboardc/Info.plist
copying file ./CDVLaunchScreen.storyboardc/UIViewController-01J-lp-oVM.nib ... 
832 bytes for ./CDVLaunchScreen.storyboardc/UIViewController-01J-lp-oVM.nib
copying file ./config.xml ... 
2018-09-13 02:54:20 +0000  2361 bytes for ./config.xml
copying file ./embedded.mobileprovision ... 
35916 bytes for ./embedded.mobileprovision
copying file ./HelloCordova ... 
2018-09-13 02:54:20 +0000  427872 bytes for ./HelloCordova
copying file ./Info.plist ... 
2010 bytes for ./Info.plist
copying file ./LaunchImage-568h@2x.png ... 
61990 bytes for ./LaunchImage-568h@2x.png
copying file ./LaunchImage-700-568h@2x.png ... 
61990 bytes for ./LaunchImage-700-568h@2x.png
copying file ./LaunchImage-700-Landscape@2x~ipad.png ... 
161722 bytes for ./LaunchImage-700-Landscape@2x~ipad.png
copying file ./LaunchImage-700-Landscape~ipad.png ... 
76512 bytes for ./LaunchImage-700-Landscape~ipad.png
copying file ./LaunchImage-700-Portrait@2x~ipad.png ... 
154923 bytes for ./LaunchImage-700-Portrait@2x~ipad.png
copying file ./LaunchImage-700-Portrait~ipad.png ... 
74890 bytes for ./LaunchImage-700-Portrait~ipad.png
copying file ./LaunchImage-700@2x.png ... 
55319 bytes for ./LaunchImage-700@2x.png
copying file ./LaunchImage-800-667h@2x.png ... 
2018-09-13 02:54:20 +0000  2018-09-13 02:54:20 +0000 [MT] /usr/bin/ditto exited with 0

2018-09-13 02:54:20 +0000  52100 bytes for ./LaunchImage-800-667h@2x.png
copying file ./LaunchImage-800-Landscape-736h@3x.png ... 
63597 bytes for ./LaunchImage-800-Landscape-736h@3x.png
copying file ./LaunchImage-800-Portrait-736h@3x.png ... 
62285 bytes for ./LaunchImage-800-Portrait-736h@3x.png
copying file ./LaunchImage-Landscape@2x~ipad.png ... 
161722 bytes for ./LaunchImage-Landscape@2x~ipad.png
copying file ./LaunchImage-Landscape~ipad.png ... 
76512 bytes for ./LaunchImage-Landscape~ipad.png
copying file ./LaunchImage-Portrait@2x~ipad.png ... 
154923 bytes for ./LaunchImage-Portrait@2x~ipad.png
copying file ./LaunchImage-Portrait~ipad.png ... 
74890 bytes for ./LaunchImage-Portrait~ipad.png
copying file ./LaunchImage.png ... 
20021 bytes for ./LaunchImage.png
copying file ./LaunchImage@2x.png ... 
55319 bytes for ./LaunchImage@2x.png
copying file ./MainViewController.nib ... 
943 bytes for ./MainViewController.nib
copying file ./PkgInfo ... 
8 bytes for ./PkgInfo
copying file ./www/cordova-js-src/exec.js ... 
8877 bytes for ./www/cordova-js-src/exec.js
copying file ./www/cordova-js-src/platform.js ... 
1168 bytes for ./www/cordova-js-src/platform.js
copying file ./www/cordova-js-src/plugin/ios/console.js ... 
6822 bytes for ./www/cordova-js-src/plugin/ios/console.js
copying file ./www/cordova-js-src/plugin/ios/logger.js ... 
10233 bytes for ./www/cordova-js-src/plugin/ios/logger.js
copying file ./www/cordova.js ... 
78123 bytes for ./www/cordova.js
copying file ./www/cordova_plugins.js ... 
210 bytes for ./www/cordova_plugins.js
copying file ./www/css/index.css ... 
3719 bytes for ./www/css/index.css
copying file ./www/img/logo.png ... 
21814 bytes for ./www/img/logo.png
copying file ./www/index.html ... 
2513 bytes for ./www/index.html
copying file ./www/js/index.js ... 
1664 bytes for ./www/js/index.js
2018-09-13 02:54:20 +0000  2018-09-13 02:54:20 +0000 [MT] Processing step: IDEDistributionEmbedProfileStep

2018-09-13 02:54:20 +0000 [MT] Processing step: IDEDistributionAppThinningPlistStep
2018-09-13 02:54:20 +0000 [MT] Skipping step: IDEDistributionAppThinningPlistStep because it said so
2018-09-13 02:54:20 +0000 [MT] Processing step: IDEDistributionCompileBitcodeStep
2018-09-13 02:54:20 +0000 [MT] Skipping step: IDEDistributionCompileBitcodeStep because it said so
2018-09-13 02:54:20 +0000 [MT] Processing step: IDEDistributionCodeSlimmingStep
2018-09-13 02:54:20 +0000 [MT] Processing step: IDEDistributionCopyBCSymbolMapsStep
2018-09-13 02:54:20 +0000 [MT] Skipping step: IDEDistributionCopyBCSymbolMapsStep because it said so
2018-09-13 02:54:20 +0000 [MT] Processing step: IDEDistributionSymbolsStep
2018-09-13 02:54:20 +0000 [MT] Skipping step: IDEDistributionSymbolsStep because it said so
2018-09-13 02:54:20 +0000 [MT] Processing step: IDEDistributionAppThinningStep
2018-09-13 02:54:20 +0000 [MT] Skipping step: IDEDistributionAppThinningStep because it said so
2018-09-13 02:54:20 +0000 [MT] Processing step: IDEDistributionODRStep
2018-09-13 02:54:20 +0000 [MT] Processing step: IDEDistributionStripXattrsStep
2018-09-13 02:54:20 +0000 [MT] Running /usr/bin/xattr '-cr' '/var/folders/2j/lrmvt_bs4d968x66t2pjrpq00000gn/T/XcodeDistPipeline.GID/Root/Payload/HelloCordova.app'
2018-09-13 02:54:20 +0000  
2018-09-13 02:54:20 +0000  2018-09-13 02:54:20 +0000 [MT] /usr/bin/xattr exited with 0

2018-09-13 02:54:20 +0000  2018-09-13 02:54:20 +0000  

2018-09-13 02:54:20 +0000 [MT] Processing step: IDEDistributionCodesignStep
2018-09-13 02:54:20 +0000 [MT] Applying entitlements delta for <IDEDistributionItem: 0x7fb343431750 'com.export.billwang' '<DVTFilePath:0x7fb343754b60:'/Users/billwang/Project/helloworld/platforms/ios/HelloCordova.xcarchive/Products/Applications/HelloCordova.app'>'> from <IDEiCloudEntitlementsProcessor: 0x7fb343694f40>: {
}
2018-09-13 02:54:20 +0000 [MT] Entitlements for <IDEDistributionItem: 0x7fb343431750 'com.export.billwang' '<DVTFilePath:0x7fb343754b60:'/Users/billwang/Project/helloworld/platforms/ios/HelloCordova.xcarchive/Products/Applications/HelloCordova.app'>'>: {
    "application-identifier" = "648W5Q4XT3.com.export.billwang";
    "com.apple.developer.team-identifier" = PNXEQWA564;
    "get-task-allow" = 1;
}
2018-09-13 02:54:20 +0000 [MT] Writing entitlements for <IDEDistributionItem: 0x7fb343431750 'com.export.billwang' '<DVTFilePath:0x7fb343754b60:'/Users/billwang/Project/helloworld/platforms/ios/HelloCordova.xcarchive/Products/Applications/HelloCordova.app'>'> to: /var/folders/2j/lrmvt_bs4d968x66t2pjrpq00000gn/T/XcodeDistPipeline.GID/entitlementsK5OYdC
2018-09-13 02:54:20 +0000 [MT] Running /usr/bin/codesign '-vvv' '--force' '--sign' '926767C4E7F0B0B745FF1D2DD07C0C2736C52C32' '--preserve-metadata=identifier,flags' '--entitlements' '/var/folders/2j/lrmvt_bs4d968x66t2pjrpq00000gn/T/XcodeDistPipeline.GID/entitlementsK5OYdC' '/var/folders/2j/lrmvt_bs4d968x66t2pjrpq00000gn/T/XcodeDistPipeline.GID/Root/Payload/HelloCordova.app'
2018-09-13 02:54:20 +0000  /var/folders/2j/lrmvt_bs4d968x66t2pjrpq00000gn/T/XcodeDistPipeline.GID/Root/Payload/HelloCordova.app: replacing existing signature
2018-09-13 02:54:29 +0000  /var/folders/2j/lrmvt_bs4d968x66t2pjrpq00000gn/T/XcodeDistPipeline.GID/Root/Payload/HelloCordova.app: signed app bundle with Mach-O universal (armv7 arm64) [com.export.billwang]
2018-09-13 02:54:29 +0000  
2018-09-13 02:54:29 +0000  2018-09-13 02:54:29 +0000 [MT] /usr/bin/codesign exited with 0

2018-09-13 02:54:29 +0000  
2018-09-13 02:54:29 +0000 [MT] Processing step: IDEDistributionStreamingZipItemStep
2018-09-13 02:54:29 +0000 [MT] Skipping step: IDEDistributionStreamingZipItemStep because it said so
2018-09-13 02:54:29 +0000 [MT] Processing step: IDEDistributionCreateIPAStep
2018-09-13 02:54:29 +0000 [MT] Running /usr/bin/ditto '-V' '-c' '-k' '--norsrc' '/var/folders/2j/lrmvt_bs4d968x66t2pjrpq00000gn/T/XcodeDistPipeline.GID/Root' '/var/folders/2j/lrmvt_bs4d968x66t2pjrpq00000gn/T/XcodeDistPipeline.GID/Packages/HelloCordova.ipa'
2018-09-13 02:54:29 +0000  >>> Copying /var/folders/2j/lrmvt_bs4d968x66t2pjrpq00000gn/T/XcodeDistPipeline.GID/Root 
2018-09-13 02:54:29 +0000  copying file ./Payload/HelloCordova.app/_CodeSignature/CodeResources ... 
2018-09-13 02:54:29 +0000  18967 bytes for ./Payload/HelloCordova.app/_CodeSignature/CodeResources
2018-09-13 02:54:29 +0000  copying file ./Payload/HelloCordova.app/AppIcon29x29.png ... 
3349 bytes for ./Payload/HelloCordova.app/AppIcon29x29.png
copying file ./Payload/HelloCordova.app/AppIcon29x29@2x.png ... 
2018-09-13 02:54:29 +0000  6585 bytes for ./Payload/HelloCordova.app/AppIcon29x29@2x.png
2018-09-13 02:54:29 +0000  copying file ./Payload/HelloCordova.app/AppIcon29x29@2x~ipad.png ... 
6585 bytes for ./Payload/HelloCordova.app/AppIcon29x29@2x~ipad.png
copying file ./Payload/HelloCordova.app/AppIcon29x29@3x.png ... 
2018-09-13 02:54:29 +0000  9082 bytes for ./Payload/HelloCordova.app/AppIcon29x29@3x.png
copying file ./Payload/HelloCordova.app/AppIcon29x29~ipad.png ... 
3349 bytes for ./Payload/HelloCordova.app/AppIcon29x29~ipad.png
copying file ./Payload/HelloCordova.app/AppIcon40x40@2x.png ... 
2018-09-13 02:54:29 +0000  8883 bytes for ./Payload/HelloCordova.app/AppIcon40x40@2x.png
copying file ./Payload/HelloCordova.app/AppIcon40x40@2x~ipad.png ... 
2018-09-13 02:54:29 +0000  8883 bytes for ./Payload/HelloCordova.app/AppIcon40x40@2x~ipad.png
copying file ./Payload/HelloCordova.app/AppIcon40x40@3x.png ... 
2018-09-13 02:54:29 +0000  14152 bytes for ./Payload/HelloCordova.app/AppIcon40x40@3x.png
2018-09-13 02:54:29 +0000  copying file ./Payload/HelloCordova.app/AppIcon40x40~ipad.png ... 
4450 bytes for ./Payload/HelloCordova.app/AppIcon40x40~ipad.png
copying file ./Payload/HelloCordova.app/AppIcon50x50@2x~ipad.png ... 
2018-09-13 02:54:29 +0000  11331 bytes for ./Payload/HelloCordova.app/AppIcon50x50@2x~ipad.png
2018-09-13 02:54:29 +0000  copying file ./Payload/HelloCordova.app/AppIcon50x50~ipad.png ... 
5557 bytes for ./Payload/HelloCordova.app/AppIcon50x50~ipad.png
2018-09-13 02:54:29 +0000  copying file ./Payload/HelloCordova.app/AppIcon57x57.png ... 
2018-09-13 02:54:29 +0000  5977 bytes for ./Payload/HelloCordova.app/AppIcon57x57.png
copying file ./Payload/HelloCordova.app/AppIcon57x57@2x.png ... 
2018-09-13 02:54:29 +0000  13012 bytes for ./Payload/HelloCordova.app/AppIcon57x57@2x.png
2018-09-13 02:54:29 +0000  copying file ./Payload/HelloCordova.app/AppIcon60x60@2x.png ... 
2018-09-13 02:54:29 +0000  14152 bytes for ./Payload/HelloCordova.app/AppIcon60x60@2x.png
2018-09-13 02:54:29 +0000  copying file ./Payload/HelloCordova.app/AppIcon60x60@3x.png ... 
2018-09-13 02:54:29 +0000  33390 bytes for ./Payload/HelloCordova.app/AppIcon60x60@3x.png
2018-09-13 02:54:29 +0000  copying file ./Payload/HelloCordova.app/AppIcon72x72@2x~ipad.png ... 
2018-09-13 02:54:29 +0000  17926 bytes for ./Payload/HelloCordova.app/AppIcon72x72@2x~ipad.png
copying file ./Payload/HelloCordova.app/AppIcon72x72~ipad.png ... 
2018-09-13 02:54:29 +0000  8045 bytes for ./Payload/HelloCordova.app/AppIcon72x72~ipad.png
2018-09-13 02:54:29 +0000  copying file ./Payload/HelloCordova.app/AppIcon76x76@2x~ipad.png ... 
2018-09-13 02:54:29 +0000  16629 bytes for ./Payload/HelloCordova.app/AppIcon76x76@2x~ipad.png
copying file ./Payload/HelloCordova.app/AppIcon76x76~ipad.png ... 
2018-09-13 02:54:29 +0000  8463 bytes for ./Payload/HelloCordova.app/AppIcon76x76~ipad.png
copying file ./Payload/HelloCordova.app/AppIcon83.5x83.5@2x~ipad.png ... 
2018-09-13 02:54:29 +0000  28234 bytes for ./Payload/HelloCordova.app/AppIcon83.5x83.5@2x~ipad.png
copying file ./Payload/HelloCordova.app/archived-expanded-entitlements.xcent ... 
2018-09-13 02:54:29 +0000  181 bytes for ./Payload/HelloCordova.app/archived-expanded-entitlements.xcent
copying file ./Payload/HelloCordova.app/Assets.car ... 
2018-09-13 02:54:29 +0000  212216 bytes for ./Payload/HelloCordova.app/Assets.car
2018-09-13 02:54:29 +0000  copying file ./Payload/HelloCordova.app/CDVLaunchScreen.storyboardc/01J-lp-oVM-view-Ze5-6b-2t3.nib ... 
2283 bytes for ./Payload/HelloCordova.app/CDVLaunchScreen.storyboardc/01J-lp-oVM-view-Ze5-6b-2t3.nib
copying file ./Payload/HelloCordova.app/CDVLaunchScreen.storyboardc/Info.plist ... 
2018-09-13 02:54:29 +0000  258 bytes for ./Payload/HelloCordova.app/CDVLaunchScreen.storyboardc/Info.plist
copying file ./Payload/HelloCordova.app/CDVLaunchScreen.storyboardc/UIViewController-01J-lp-oVM.nib ... 
832 bytes for ./Payload/HelloCordova.app/CDVLaunchScreen.storyboardc/UIViewController-01J-lp-oVM.nib
copying file ./Payload/HelloCordova.app/config.xml ... 
2361 bytes for ./Payload/HelloCordova.app/config.xml
copying file ./Payload/HelloCordova.app/embedded.mobileprovision ... 
2018-09-13 02:54:29 +0000  35916 bytes for ./Payload/HelloCordova.app/embedded.mobileprovision
copying file ./Payload/HelloCordova.app/HelloCordova ... 
2018-09-13 02:54:29 +0000  427872 bytes for ./Payload/HelloCordova.app/HelloCordova
copying file ./Payload/HelloCordova.app/Info.plist ... 
2018-09-13 02:54:29 +0000  2010 bytes for ./Payload/HelloCordova.app/Info.plist
copying file ./Payload/HelloCordova.app/LaunchImage-568h@2x.png ... 
2018-09-13 02:54:29 +0000  61990 bytes for ./Payload/HelloCordova.app/LaunchImage-568h@2x.png
copying file ./Payload/HelloCordova.app/LaunchImage-700-568h@2x.png ... 
2018-09-13 02:54:29 +0000  61990 bytes for ./Payload/HelloCordova.app/LaunchImage-700-568h@2x.png
copying file ./Payload/HelloCordova.app/LaunchImage-700-Landscape@2x~ipad.png ... 
2018-09-13 02:54:29 +0000  161722 bytes for ./Payload/HelloCordova.app/LaunchImage-700-Landscape@2x~ipad.png
copying file ./Payload/HelloCordova.app/LaunchImage-700-Landscape~ipad.png ... 
2018-09-13 02:54:29 +0000  76512 bytes for ./Payload/HelloCordova.app/LaunchImage-700-Landscape~ipad.png
copying file ./Payload/HelloCordova.app/LaunchImage-700-Portrait@2x~ipad.png ... 
2018-09-13 02:54:29 +0000  154923 bytes for ./Payload/HelloCordova.app/LaunchImage-700-Portrait@2x~ipad.png
copying file ./Payload/HelloCordova.app/LaunchImage-700-Portrait~ipad.png ... 
2018-09-13 02:54:29 +0000  74890 bytes for ./Payload/HelloCordova.app/LaunchImage-700-Portrait~ipad.png
2018-09-13 02:54:29 +0000  copying file ./Payload/HelloCordova.app/LaunchImage-700@2x.png ... 
2018-09-13 02:54:29 +0000  55319 bytes for ./Payload/HelloCordova.app/LaunchImage-700@2x.png
copying file ./Payload/HelloCordova.app/LaunchImage-800-667h@2x.png ... 
2018-09-13 02:54:29 +0000  52100 bytes for ./Payload/HelloCordova.app/LaunchImage-800-667h@2x.png
copying file ./Payload/HelloCordova.app/LaunchImage-800-Landscape-736h@3x.png ... 
2018-09-13 02:54:29 +0000  63597 bytes for ./Payload/HelloCordova.app/LaunchImage-800-Landscape-736h@3x.png
copying file ./Payload/HelloCordova.app/LaunchImage-800-Portrait-736h@3x.png ... 
2018-09-13 02:54:29 +0000  62285 bytes for ./Payload/HelloCordova.app/LaunchImage-800-Portrait-736h@3x.png
2018-09-13 02:54:29 +0000  copying file ./Payload/HelloCordova.app/LaunchImage-Landscape@2x~ipad.png ... 
2018-09-13 02:54:29 +0000  161722 bytes for ./Payload/HelloCordova.app/LaunchImage-Landscape@2x~ipad.png
copying file ./Payload/HelloCordova.app/LaunchImage-Landscape~ipad.png ... 
2018-09-13 02:54:29 +0000  76512 bytes for ./Payload/HelloCordova.app/LaunchImage-Landscape~ipad.png
copying file ./Payload/HelloCordova.app/LaunchImage-Portrait@2x~ipad.png ... 
2018-09-13 02:54:29 +0000  154923 bytes for ./Payload/HelloCordova.app/LaunchImage-Portrait@2x~ipad.png
copying file ./Payload/HelloCordova.app/LaunchImage-Portrait~ipad.png ... 
2018-09-13 02:54:29 +0000  74890 bytes for ./Payload/HelloCordova.app/LaunchImage-Portrait~ipad.png
copying file ./Payload/HelloCordova.app/LaunchImage.png ... 
2018-09-13 02:54:29 +0000  20021 bytes for ./Payload/HelloCordova.app/LaunchImage.png
copying file ./Payload/HelloCordova.app/LaunchImage@2x.png ... 
2018-09-13 02:54:29 +0000  55319 bytes for ./Payload/HelloCordova.app/LaunchImage@2x.png
copying file ./Payload/HelloCordova.app/MainViewController.nib ... 
2018-09-13 02:54:29 +0000  943 bytes for ./Payload/HelloCordova.app/MainViewController.nib
copying file ./Payload/HelloCordova.app/PkgInfo ... 
8 bytes for ./Payload/HelloCordova.app/PkgInfo
2018-09-13 02:54:29 +0000  copying file ./Payload/HelloCordova.app/www/cordova-js-src/exec.js ... 
8877 bytes for ./Payload/HelloCordova.app/www/cordova-js-src/exec.js
copying file ./Payload/HelloCordova.app/www/cordova-js-src/platform.js ... 
1168 bytes for ./Payload/HelloCordova.app/www/cordova-js-src/platform.js
2018-09-13 02:54:29 +0000  copying file ./Payload/HelloCordova.app/www/cordova-js-src/plugin/ios/console.js ... 
2018-09-13 02:54:29 +0000  6822 bytes for ./Payload/HelloCordova.app/www/cordova-js-src/plugin/ios/console.js
copying file ./Payload/HelloCordova.app/www/cordova-js-src/plugin/ios/logger.js ... 
2018-09-13 02:54:29 +0000  10233 bytes for ./Payload/HelloCordova.app/www/cordova-js-src/plugin/ios/logger.js
copying file ./Payload/HelloCordova.app/www/cordova.js ... 
2018-09-13 02:54:29 +0000  78123 bytes for ./Payload/HelloCordova.app/www/cordova.js
copying file ./Payload/HelloCordova.app/www/cordova_plugins.js ... 
2018-09-13 02:54:29 +0000  210 bytes for ./Payload/HelloCordova.app/www/cordova_plugins.js
copying file ./Payload/HelloCordova.app/www/css/index.css ... 
2018-09-13 02:54:29 +0000  3719 bytes for ./Payload/HelloCordova.app/www/css/index.css
copying file ./Payload/HelloCordova.app/www/img/logo.png ... 
2018-09-13 02:54:29 +0000  21814 bytes for ./Payload/HelloCordova.app/www/img/logo.png
2018-09-13 02:54:29 +0000  copying file ./Payload/HelloCordova.app/www/index.html ... 
2513 bytes for ./Payload/HelloCordova.app/www/index.html
2018-09-13 02:54:29 +0000  copying file ./Payload/HelloCordova.app/www/js/index.js ... 
1664 bytes for ./Payload/HelloCordova.app/www/js/index.js
2018-09-13 02:54:29 +0000  
2018-09-13 02:54:29 +0000  2018-09-13 02:54:29 +0000 [MT] /usr/bin/ditto exited with 0

2018-09-13 02:54:29 +0000  
2018-09-13 02:54:29 +0000  2018-09-13 02:54:29 +0000 [MT] Processing step: IDEDistributionCreateManifestStep

